  [1m[36m (0.9ms)[0m  [1mCREATE TABLE "authors" ("id" INTEGER PRIMARY KEY AUTOINCREMENT NOT NULL, "name" varchar, "genre" varchar, "bio" text, "created_at" datetime NOT NULL, "updated_at" datetime NOT NULL) [0m
  [1m[35m (0.6ms)[0m  CREATE TABLE "posts" ("id" INTEGER PRIMARY KEY AUTOINCREMENT NOT NULL, "title" varchar, "description" text, "created_at" datetime NOT NULL, "updated_at" datetime NOT NULL, "post_status" boolean, "author_id" integer) 
  [1m[36m (0.8ms)[0m  [1mCREATE TABLE "schema_migrations" ("version" varchar NOT NULL) [0m
  [1m[35m (0.4ms)[0m  select sqlite_version(*)
  [1m[36m (0.6ms)[0m  [1mCREATE UNIQUE INDEX "unique_schema_migrations" ON "schema_migrations" ("version")[0m
  [1m[35m (0.1ms)[0m  SELECT version FROM "schema_migrations"
  [1m[36m (0.5ms)[0m  [1mINSERT INTO "schema_migrations" (version) VALUES ('20160113011820')[0m
  [1m[35m (0.9ms)[0m  INSERT INTO "schema_migrations" (version) VALUES ('20151230232412')
  [1m[36m (0.6ms)[0m  [1mINSERT INTO "schema_migrations" (version) VALUES ('20160113011041')[0m
  [1m[35m (0.6ms)[0m  INSERT INTO "schema_migrations" (version) VALUES ('20160113011150')
  [1m[36m (0.7ms)[0m  [1mCREATE TABLE "authors" ("id" INTEGER PRIMARY KEY AUTOINCREMENT NOT NULL, "name" varchar, "genre" varchar, "bio" text, "created_at" datetime NOT NULL, "updated_at" datetime NOT NULL) [0m
  [1m[35m (0.6ms)[0m  CREATE TABLE "posts" ("id" INTEGER PRIMARY KEY AUTOINCREMENT NOT NULL, "title" varchar, "description" text, "created_at" datetime NOT NULL, "updated_at" datetime NOT NULL, "post_status" boolean, "author_id" integer) 
  [1m[36m (0.6ms)[0m  [1mCREATE TABLE "schema_migrations" ("version" varchar NOT NULL) [0m
  [1m[35m (0.0ms)[0m  select sqlite_version(*)
  [1m[36m (0.6ms)[0m  [1mCREATE UNIQUE INDEX "unique_schema_migrations" ON "schema_migrations" ("version")[0m
  [1m[35m (0.1ms)[0m  SELECT version FROM "schema_migrations"
  [1m[36m (0.6ms)[0m  [1mINSERT INTO "schema_migrations" (version) VALUES ('20160113011820')[0m
  [1m[35m (0.7ms)[0m  INSERT INTO "schema_migrations" (version) VALUES ('20151230232412')
  [1m[36m (0.6ms)[0m  [1mINSERT INTO "schema_migrations" (version) VALUES ('20160113011041')[0m
  [1m[35m (0.6ms)[0m  INSERT INTO "schema_migrations" (version) VALUES ('20160113011150')
  [1m[36mActiveRecord::SchemaMigration Load (0.1ms)[0m  [1mSELECT "schema_migrations".* FROM "schema_migrations"[0m
  [1m[36m (0.1ms)[0m  [1mbegin transaction[0m
  [1m[35m (0.1ms)[0m  rollback transaction
  [1m[36m (0.1ms)[0m  [1mbegin transaction[0m
  [1m[35mSQL (0.4ms)[0m  INSERT INTO "posts" ("title", "description", "created_at", "updated_at") VALUES (?, ?, ?, ?)  [["title", "Testing"], ["description", "testing"], ["created_at", "2016-01-26 15:06:03.106369"], ["updated_at", "2016-01-26 15:06:03.106369"]]
  [1m[36m (0.7ms)[0m  [1mcommit transaction[0m


Started GET "/posts/new" for ::1 at 2017-12-10 17:44:48 -0500
  [1m[36mActiveRecord::SchemaMigration Load (0.5ms)[0m  [1mSELECT "schema_migrations".* FROM "schema_migrations"[0m
Processing by PostsController#new as HTML
  Rendered posts/new.html.erb within layouts/application (22.9ms)
Completed 200 OK in 1479ms (Views: 1459.0ms | ActiveRecord: 0.4ms)


Started GET "/assets/authors.self-e3b0c44298fc1c149afbf4c8996fb92427ae41e4649b934ca495991b7852b855.css?body=1" for ::1 at 2017-12-10 17:44:49 -0500


Started GET "/assets/jquery_ujs.self-d456baa54c1fa6be2ec3711f0a72ddf7a5b2f34a6b4f515f33767d6207b7d4b3.js?body=1" for ::1 at 2017-12-10 17:44:49 -0500


Started GET "/assets/authors.self-877aef30ae1b040ab8a3aba4e3e309a11d7f2612f44dde450b5c157aa5f95c05.js?body=1" for ::1 at 2017-12-10 17:44:49 -0500


Started GET "/assets/jquery.self-a714331225dda820228db323939889f149aec0127aeb06255646b616ba1ca419.js?body=1" for ::1 at 2017-12-10 17:44:49 -0500


Started GET "/posts/" for ::1 at 2017-12-10 17:44:52 -0500
Processing by PostsController#index as HTML
  [1m[35mPost Load (0.6ms)[0m  SELECT "posts".* FROM "posts"
  Rendered posts/index.html.erb within layouts/application (1.7ms)
Completed 200 OK in 19ms (Views: 17.3ms | ActiveRecord: 0.6ms)


Started GET "/posts/" for ::1 at 2017-12-10 17:46:01 -0500
Processing by PostsController#index as HTML
  [1m[36mPost Load (0.1ms)[0m  [1mSELECT "posts".* FROM "posts"[0m
  Rendered posts/index.html.erb within layouts/application (0.7ms)
Completed 200 OK in 18ms (Views: 17.2ms | ActiveRecord: 0.1ms)


Started GET "/posts/" for ::1 at 2017-12-10 17:46:03 -0500
Processing by PostsController#index as HTML
  [1m[35mPost Load (0.1ms)[0m  SELECT "posts".* FROM "posts"
  Rendered posts/index.html.erb within layouts/application (0.5ms)
Completed 200 OK in 18ms (Views: 16.9ms | ActiveRecord: 0.1ms)


Started GET "/posts/1" for ::1 at 2017-12-10 17:46:18 -0500
Processing by PostsController#show as HTML
  Parameters: {"id"=>"1"}
  [1m[36mPost Load (0.3ms)[0m  [1mSELECT  "posts".* FROM "posts" WHERE "posts"."id" = ? LIMIT 1[0m  [["id", 1]]
  Rendered posts/show.html.erb within layouts/application (0.7ms)
Completed 200 OK in 33ms (Views: 16.0ms | ActiveRecord: 0.3ms)


Started GET "/posts/1" for ::1 at 2017-12-10 17:48:22 -0500
Processing by PostsController#show as HTML
  Parameters: {"id"=>"1"}
  [1m[35mPost Load (0.1ms)[0m  SELECT  "posts".* FROM "posts" WHERE "posts"."id" = ? LIMIT 1  [["id", 1]]
  Rendered posts/show.html.erb within layouts/application (0.6ms)
Completed 200 OK in 17ms (Views: 15.9ms | ActiveRecord: 0.1ms)


Started GET "/posts/" for ::1 at 2017-12-10 17:50:17 -0500
Processing by PostsController#index as HTML
  [1m[36mPost Load (0.1ms)[0m  [1mSELECT "posts".* FROM "posts"[0m
  Rendered posts/index.html.erb within layouts/application (8.5ms)
Completed 500 Internal Server Error in 15ms (ActiveRecord: 0.1ms)

ActionView::Template::Error (undefined method `strftime' for "Testing":String
Did you mean?  strip):
    1: <% @posts.each do |post| %>
    2:   <div><%= post.title.strftime("Last updated %A, %b %e, at %l:%M %p") %></div>
    3: <% end %>
  app/views/posts/index.html.erb:2:in `block in _app_views_posts_index_html_erb__727571403558013356_70133986034160'
  app/views/posts/index.html.erb:1:in `_app_views_posts_index_html_erb__727571403558013356_70133986034160'


  Rendered /Users/sethbarden/.rvm/gems/ruby-2.3.3/gems/actionpack-4.2.5/lib/action_dispatch/middleware/templates/rescues/_source.erb (7.1ms)
  Rendered /Users/sethbarden/.rvm/gems/ruby-2.3.3/gems/actionpack-4.2.5/lib/action_dispatch/middleware/templates/rescues/_trace.html.erb (3.5ms)
  Rendered /Users/sethbarden/.rvm/gems/ruby-2.3.3/gems/actionpack-4.2.5/lib/action_dispatch/middleware/templates/rescues/_request_and_response.html.erb (1.2ms)
  Rendered /Users/sethbarden/.rvm/gems/ruby-2.3.3/gems/actionpack-4.2.5/lib/action_dispatch/middleware/templates/rescues/template_error.html.erb within rescues/layout (82.2ms)
  Rendered /Users/sethbarden/.rvm/gems/ruby-2.3.3/gems/web-console-2.2.1/lib/web_console/templates/_markup.html.erb (0.4ms)
  Rendered /Users/sethbarden/.rvm/gems/ruby-2.3.3/gems/web-console-2.2.1/lib/web_console/templates/_inner_console_markup.html.erb within layouts/inlined_string (0.5ms)
  Rendered /Users/sethbarden/.rvm/gems/ruby-2.3.3/gems/web-console-2.2.1/lib/web_console/templates/_prompt_box_markup.html.erb within layouts/inlined_string (0.3ms)
  Rendered /Users/sethbarden/.rvm/gems/ruby-2.3.3/gems/web-console-2.2.1/lib/web_console/templates/style.css.erb within layouts/inlined_string (0.5ms)
  Rendered /Users/sethbarden/.rvm/gems/ruby-2.3.3/gems/web-console-2.2.1/lib/web_console/templates/console.js.erb within layouts/javascript (63.9ms)
  Rendered /Users/sethbarden/.rvm/gems/ruby-2.3.3/gems/web-console-2.2.1/lib/web_console/templates/main.js.erb within layouts/javascript (0.3ms)
  Rendered /Users/sethbarden/.rvm/gems/ruby-2.3.3/gems/web-console-2.2.1/lib/web_console/templates/error_page.js.erb within layouts/javascript (0.5ms)
  Rendered /Users/sethbarden/.rvm/gems/ruby-2.3.3/gems/web-console-2.2.1/lib/web_console/templates/index.html.erb (146.3ms)


Started GET "/posts/" for ::1 at 2017-12-10 17:51:57 -0500
Processing by PostsController#index as HTML
  [1m[35mPost Load (0.1ms)[0m  SELECT "posts".* FROM "posts"
  Rendered posts/index.html.erb within layouts/application (1.1ms)
Completed 200 OK in 23ms (Views: 22.0ms | ActiveRecord: 0.1ms)


Started GET "/posts/" for ::1 at 2017-12-10 17:56:47 -0500
Processing by PostsController#index as HTML
  [1m[36mPost Load (0.3ms)[0m  [1mSELECT "posts".* FROM "posts"[0m
  Rendered posts/index.html.erb within layouts/application (5.0ms)
Completed 200 OK in 23ms (Views: 20.7ms | ActiveRecord: 0.5ms)


Started GET "/posts/1" for ::1 at 2017-12-10 17:56:52 -0500
Processing by PostsController#show as HTML
  Parameters: {"id"=>"1"}
  [1m[35mPost Load (0.4ms)[0m  SELECT  "posts".* FROM "posts" WHERE "posts"."id" = ? LIMIT 1  [["id", 1]]
  Rendered posts/show.html.erb within layouts/application (0.5ms)
Completed 200 OK in 19ms (Views: 16.1ms | ActiveRecord: 0.4ms)


Started GET "/posts/" for ::1 at 2017-12-10 18:02:37 -0500
Processing by PostsController#index as HTML
  [1m[36mPost Load (0.3ms)[0m  [1mSELECT "posts".* FROM "posts"[0m
  Rendered posts/index.html.erb within layouts/application (4.5ms)
Completed 200 OK in 24ms (Views: 21.7ms | ActiveRecord: 0.5ms)


Started GET "/author/1" for ::1 at 2017-12-10 18:03:41 -0500

ActionController::RoutingError (No route matches [GET] "/author/1"):
  actionpack (4.2.5) lib/action_dispatch/middleware/debug_exceptions.rb:21:in `call'
  web-console (2.2.1) lib/web_console/middleware.rb:39:in `call'
  actionpack (4.2.5) lib/action_dispatch/middleware/show_exceptions.rb:30:in `call'
  railties (4.2.5) lib/rails/rack/logger.rb:38:in `call_app'
  railties (4.2.5) lib/rails/rack/logger.rb:20:in `block in call'
  activesupport (4.2.5) lib/active_support/tagged_logging.rb:68:in `block in tagged'
  activesupport (4.2.5) lib/active_support/tagged_logging.rb:26:in `tagged'
  activesupport (4.2.5) lib/active_support/tagged_logging.rb:68:in `tagged'
  railties (4.2.5) lib/rails/rack/logger.rb:20:in `call'
  actionpack (4.2.5) lib/action_dispatch/middleware/request_id.rb:21:in `call'
  rack (1.6.4) lib/rack/methodoverride.rb:22:in `call'
  rack (1.6.4) lib/rack/runtime.rb:18:in `call'
  activesupport (4.2.5) lib/active_support/cache/strategy/local_cache_middleware.rb:28:in `call'
  rack (1.6.4) lib/rack/lock.rb:17:in `call'
  actionpack (4.2.5) lib/action_dispatch/middleware/static.rb:116:in `call'
  rack (1.6.4) lib/rack/sendfile.rb:113:in `call'
  railties (4.2.5) lib/rails/engine.rb:518:in `call'
  railties (4.2.5) lib/rails/application.rb:165:in `call'
  rack (1.6.4) lib/rack/lock.rb:17:in `call'
  rack (1.6.4) lib/rack/content_length.rb:15:in `call'
  rack (1.6.4) lib/rack/handler/webrick.rb:88:in `service'
  /Users/sethbarden/.rvm/rubies/ruby-2.3.3/lib/ruby/2.3.0/webrick/httpserver.rb:140:in `service'
  /Users/sethbarden/.rvm/rubies/ruby-2.3.3/lib/ruby/2.3.0/webrick/httpserver.rb:96:in `run'
  /Users/sethbarden/.rvm/rubies/ruby-2.3.3/lib/ruby/2.3.0/webrick/server.rb:296:in `block in start_thread'


  Rendered /Users/sethbarden/.rvm/gems/ruby-2.3.3/gems/actionpack-4.2.5/lib/action_dispatch/middleware/templates/rescues/_trace.html.erb (1.4ms)
  Rendered /Users/sethbarden/.rvm/gems/ruby-2.3.3/gems/actionpack-4.2.5/lib/action_dispatch/middleware/templates/routes/_route.html.erb (1.5ms)
  Rendered /Users/sethbarden/.rvm/gems/ruby-2.3.3/gems/actionpack-4.2.5/lib/action_dispatch/middleware/templates/routes/_table.html.erb (2.5ms)
  Rendered /Users/sethbarden/.rvm/gems/ruby-2.3.3/gems/actionpack-4.2.5/lib/action_dispatch/middleware/templates/rescues/_request_and_response.html.erb (1.1ms)
  Rendered /Users/sethbarden/.rvm/gems/ruby-2.3.3/gems/actionpack-4.2.5/lib/action_dispatch/middleware/templates/rescues/routing_error.html.erb within rescues/layout (90.6ms)
  Rendered /Users/sethbarden/.rvm/gems/ruby-2.3.3/gems/web-console-2.2.1/lib/web_console/templates/_markup.html.erb (0.3ms)
  Rendered /Users/sethbarden/.rvm/gems/ruby-2.3.3/gems/web-console-2.2.1/lib/web_console/templates/_inner_console_markup.html.erb within layouts/inlined_string (0.3ms)
  Rendered /Users/sethbarden/.rvm/gems/ruby-2.3.3/gems/web-console-2.2.1/lib/web_console/templates/_prompt_box_markup.html.erb within layouts/inlined_string (0.4ms)
  Rendered /Users/sethbarden/.rvm/gems/ruby-2.3.3/gems/web-console-2.2.1/lib/web_console/templates/style.css.erb within layouts/inlined_string (0.3ms)
  Rendered /Users/sethbarden/.rvm/gems/ruby-2.3.3/gems/web-console-2.2.1/lib/web_console/templates/console.js.erb within layouts/javascript (52.5ms)
  Rendered /Users/sethbarden/.rvm/gems/ruby-2.3.3/gems/web-console-2.2.1/lib/web_console/templates/main.js.erb within layouts/javascript (0.4ms)
  Rendered /Users/sethbarden/.rvm/gems/ruby-2.3.3/gems/web-console-2.2.1/lib/web_console/templates/error_page.js.erb within layouts/javascript (0.4ms)
  Rendered /Users/sethbarden/.rvm/gems/ruby-2.3.3/gems/web-console-2.2.1/lib/web_console/templates/index.html.erb (120.4ms)


Started GET "/authors/1" for ::1 at 2017-12-10 18:03:47 -0500

ActionController::RoutingError (No route matches [GET] "/authors/1"):
  actionpack (4.2.5) lib/action_dispatch/middleware/debug_exceptions.rb:21:in `call'
  web-console (2.2.1) lib/web_console/middleware.rb:39:in `call'
  actionpack (4.2.5) lib/action_dispatch/middleware/show_exceptions.rb:30:in `call'
  railties (4.2.5) lib/rails/rack/logger.rb:38:in `call_app'
  railties (4.2.5) lib/rails/rack/logger.rb:20:in `block in call'
  activesupport (4.2.5) lib/active_support/tagged_logging.rb:68:in `block in tagged'
  activesupport (4.2.5) lib/active_support/tagged_logging.rb:26:in `tagged'
  activesupport (4.2.5) lib/active_support/tagged_logging.rb:68:in `tagged'
  railties (4.2.5) lib/rails/rack/logger.rb:20:in `call'
  actionpack (4.2.5) lib/action_dispatch/middleware/request_id.rb:21:in `call'
  rack (1.6.4) lib/rack/methodoverride.rb:22:in `call'
  rack (1.6.4) lib/rack/runtime.rb:18:in `call'
  activesupport (4.2.5) lib/active_support/cache/strategy/local_cache_middleware.rb:28:in `call'
  rack (1.6.4) lib/rack/lock.rb:17:in `call'
  actionpack (4.2.5) lib/action_dispatch/middleware/static.rb:116:in `call'
  rack (1.6.4) lib/rack/sendfile.rb:113:in `call'
  railties (4.2.5) lib/rails/engine.rb:518:in `call'
  railties (4.2.5) lib/rails/application.rb:165:in `call'
  rack (1.6.4) lib/rack/lock.rb:17:in `call'
  rack (1.6.4) lib/rack/content_length.rb:15:in `call'
  rack (1.6.4) lib/rack/handler/webrick.rb:88:in `service'
  /Users/sethbarden/.rvm/rubies/ruby-2.3.3/lib/ruby/2.3.0/webrick/httpserver.rb:140:in `service'
  /Users/sethbarden/.rvm/rubies/ruby-2.3.3/lib/ruby/2.3.0/webrick/httpserver.rb:96:in `run'
  /Users/sethbarden/.rvm/rubies/ruby-2.3.3/lib/ruby/2.3.0/webrick/server.rb:296:in `block in start_thread'


  Rendered /Users/sethbarden/.rvm/gems/ruby-2.3.3/gems/actionpack-4.2.5/lib/action_dispatch/middleware/templates/rescues/_trace.html.erb (1.3ms)
  Rendered /Users/sethbarden/.rvm/gems/ruby-2.3.3/gems/actionpack-4.2.5/lib/action_dispatch/middleware/templates/routes/_route.html.erb (0.9ms)
  Rendered /Users/sethbarden/.rvm/gems/ruby-2.3.3/gems/actionpack-4.2.5/lib/action_dispatch/middleware/templates/routes/_table.html.erb (1.3ms)
  Rendered /Users/sethbarden/.rvm/gems/ruby-2.3.3/gems/actionpack-4.2.5/lib/action_dispatch/middleware/templates/rescues/_request_and_response.html.erb (1.0ms)
  Rendered /Users/sethbarden/.rvm/gems/ruby-2.3.3/gems/actionpack-4.2.5/lib/action_dispatch/middleware/templates/rescues/routing_error.html.erb within rescues/layout (79.3ms)
  Rendered /Users/sethbarden/.rvm/gems/ruby-2.3.3/gems/web-console-2.2.1/lib/web_console/templates/_markup.html.erb (0.4ms)
  Rendered /Users/sethbarden/.rvm/gems/ruby-2.3.3/gems/web-console-2.2.1/lib/web_console/templates/_inner_console_markup.html.erb within layouts/inlined_string (0.3ms)
  Rendered /Users/sethbarden/.rvm/gems/ruby-2.3.3/gems/web-console-2.2.1/lib/web_console/templates/_prompt_box_markup.html.erb within layouts/inlined_string (0.3ms)
  Rendered /Users/sethbarden/.rvm/gems/ruby-2.3.3/gems/web-console-2.2.1/lib/web_console/templates/style.css.erb within layouts/inlined_string (0.4ms)
  Rendered /Users/sethbarden/.rvm/gems/ruby-2.3.3/gems/web-console-2.2.1/lib/web_console/templates/console.js.erb within layouts/javascript (54.5ms)
  Rendered /Users/sethbarden/.rvm/gems/ruby-2.3.3/gems/web-console-2.2.1/lib/web_console/templates/main.js.erb within layouts/javascript (0.5ms)
  Rendered /Users/sethbarden/.rvm/gems/ruby-2.3.3/gems/web-console-2.2.1/lib/web_console/templates/error_page.js.erb within layouts/javascript (0.4ms)
  Rendered /Users/sethbarden/.rvm/gems/ruby-2.3.3/gems/web-console-2.2.1/lib/web_console/templates/index.html.erb (121.8ms)


Started GET "/authors" for ::1 at 2017-12-10 18:04:03 -0500

ActionController::RoutingError (No route matches [GET] "/authors"):
  actionpack (4.2.5) lib/action_dispatch/middleware/debug_exceptions.rb:21:in `call'
  web-console (2.2.1) lib/web_console/middleware.rb:39:in `call'
  actionpack (4.2.5) lib/action_dispatch/middleware/show_exceptions.rb:30:in `call'
  railties (4.2.5) lib/rails/rack/logger.rb:38:in `call_app'
  railties (4.2.5) lib/rails/rack/logger.rb:20:in `block in call'
  activesupport (4.2.5) lib/active_support/tagged_logging.rb:68:in `block in tagged'
  activesupport (4.2.5) lib/active_support/tagged_logging.rb:26:in `tagged'
  activesupport (4.2.5) lib/active_support/tagged_logging.rb:68:in `tagged'
  railties (4.2.5) lib/rails/rack/logger.rb:20:in `call'
  actionpack (4.2.5) lib/action_dispatch/middleware/request_id.rb:21:in `call'
  rack (1.6.4) lib/rack/methodoverride.rb:22:in `call'
  rack (1.6.4) lib/rack/runtime.rb:18:in `call'
  activesupport (4.2.5) lib/active_support/cache/strategy/local_cache_middleware.rb:28:in `call'
  rack (1.6.4) lib/rack/lock.rb:17:in `call'
  actionpack (4.2.5) lib/action_dispatch/middleware/static.rb:116:in `call'
  rack (1.6.4) lib/rack/sendfile.rb:113:in `call'
  railties (4.2.5) lib/rails/engine.rb:518:in `call'
  railties (4.2.5) lib/rails/application.rb:165:in `call'
  rack (1.6.4) lib/rack/lock.rb:17:in `call'
  rack (1.6.4) lib/rack/content_length.rb:15:in `call'
  rack (1.6.4) lib/rack/handler/webrick.rb:88:in `service'
  /Users/sethbarden/.rvm/rubies/ruby-2.3.3/lib/ruby/2.3.0/webrick/httpserver.rb:140:in `service'
  /Users/sethbarden/.rvm/rubies/ruby-2.3.3/lib/ruby/2.3.0/webrick/httpserver.rb:96:in `run'
  /Users/sethbarden/.rvm/rubies/ruby-2.3.3/lib/ruby/2.3.0/webrick/server.rb:296:in `block in start_thread'


  Rendered /Users/sethbarden/.rvm/gems/ruby-2.3.3/gems/actionpack-4.2.5/lib/action_dispatch/middleware/templates/rescues/_trace.html.erb (1.4ms)
  Rendered /Users/sethbarden/.rvm/gems/ruby-2.3.3/gems/actionpack-4.2.5/lib/action_dispatch/middleware/templates/routes/_route.html.erb (1.0ms)
  Rendered /Users/sethbarden/.rvm/gems/ruby-2.3.3/gems/actionpack-4.2.5/lib/action_dispatch/middleware/templates/routes/_table.html.erb (1.9ms)
  Rendered /Users/sethbarden/.rvm/gems/ruby-2.3.3/gems/actionpack-4.2.5/lib/action_dispatch/middleware/templates/rescues/_request_and_response.html.erb (1.2ms)
  Rendered /Users/sethbarden/.rvm/gems/ruby-2.3.3/gems/actionpack-4.2.5/lib/action_dispatch/middleware/templates/rescues/routing_error.html.erb within rescues/layout (80.3ms)
  Rendered /Users/sethbarden/.rvm/gems/ruby-2.3.3/gems/web-console-2.2.1/lib/web_console/templates/_markup.html.erb (0.4ms)
  Rendered /Users/sethbarden/.rvm/gems/ruby-2.3.3/gems/web-console-2.2.1/lib/web_console/templates/_inner_console_markup.html.erb within layouts/inlined_string (0.3ms)
  Rendered /Users/sethbarden/.rvm/gems/ruby-2.3.3/gems/web-console-2.2.1/lib/web_console/templates/_prompt_box_markup.html.erb within layouts/inlined_string (0.3ms)
  Rendered /Users/sethbarden/.rvm/gems/ruby-2.3.3/gems/web-console-2.2.1/lib/web_console/templates/style.css.erb within layouts/inlined_string (0.3ms)
  Rendered /Users/sethbarden/.rvm/gems/ruby-2.3.3/gems/web-console-2.2.1/lib/web_console/templates/console.js.erb within layouts/javascript (53.2ms)
  Rendered /Users/sethbarden/.rvm/gems/ruby-2.3.3/gems/web-console-2.2.1/lib/web_console/templates/main.js.erb within layouts/javascript (0.3ms)
  Rendered /Users/sethbarden/.rvm/gems/ruby-2.3.3/gems/web-console-2.2.1/lib/web_console/templates/error_page.js.erb within layouts/javascript (0.4ms)
  Rendered /Users/sethbarden/.rvm/gems/ruby-2.3.3/gems/web-console-2.2.1/lib/web_console/templates/index.html.erb (123.6ms)


Started GET "/authors/1" for ::1 at 2017-12-10 18:04:09 -0500

ActionController::RoutingError (No route matches [GET] "/authors/1"):
  actionpack (4.2.5) lib/action_dispatch/middleware/debug_exceptions.rb:21:in `call'
  web-console (2.2.1) lib/web_console/middleware.rb:39:in `call'
  actionpack (4.2.5) lib/action_dispatch/middleware/show_exceptions.rb:30:in `call'
  railties (4.2.5) lib/rails/rack/logger.rb:38:in `call_app'
  railties (4.2.5) lib/rails/rack/logger.rb:20:in `block in call'
  activesupport (4.2.5) lib/active_support/tagged_logging.rb:68:in `block in tagged'
  activesupport (4.2.5) lib/active_support/tagged_logging.rb:26:in `tagged'
  activesupport (4.2.5) lib/active_support/tagged_logging.rb:68:in `tagged'
  railties (4.2.5) lib/rails/rack/logger.rb:20:in `call'
  actionpack (4.2.5) lib/action_dispatch/middleware/request_id.rb:21:in `call'
  rack (1.6.4) lib/rack/methodoverride.rb:22:in `call'
  rack (1.6.4) lib/rack/runtime.rb:18:in `call'
  activesupport (4.2.5) lib/active_support/cache/strategy/local_cache_middleware.rb:28:in `call'
  rack (1.6.4) lib/rack/lock.rb:17:in `call'
  actionpack (4.2.5) lib/action_dispatch/middleware/static.rb:116:in `call'
  rack (1.6.4) lib/rack/sendfile.rb:113:in `call'
  railties (4.2.5) lib/rails/engine.rb:518:in `call'
  railties (4.2.5) lib/rails/application.rb:165:in `call'
  rack (1.6.4) lib/rack/lock.rb:17:in `call'
  rack (1.6.4) lib/rack/content_length.rb:15:in `call'
  rack (1.6.4) lib/rack/handler/webrick.rb:88:in `service'
  /Users/sethbarden/.rvm/rubies/ruby-2.3.3/lib/ruby/2.3.0/webrick/httpserver.rb:140:in `service'
  /Users/sethbarden/.rvm/rubies/ruby-2.3.3/lib/ruby/2.3.0/webrick/httpserver.rb:96:in `run'
  /Users/sethbarden/.rvm/rubies/ruby-2.3.3/lib/ruby/2.3.0/webrick/server.rb:296:in `block in start_thread'


  Rendered /Users/sethbarden/.rvm/gems/ruby-2.3.3/gems/actionpack-4.2.5/lib/action_dispatch/middleware/templates/rescues/_trace.html.erb (1.1ms)
  Rendered /Users/sethbarden/.rvm/gems/ruby-2.3.3/gems/actionpack-4.2.5/lib/action_dispatch/middleware/templates/routes/_route.html.erb (1.0ms)
  Rendered /Users/sethbarden/.rvm/gems/ruby-2.3.3/gems/actionpack-4.2.5/lib/action_dispatch/middleware/templates/routes/_table.html.erb (1.8ms)
  Rendered /Users/sethbarden/.rvm/gems/ruby-2.3.3/gems/actionpack-4.2.5/lib/action_dispatch/middleware/templates/rescues/_request_and_response.html.erb (1.2ms)
  Rendered /Users/sethbarden/.rvm/gems/ruby-2.3.3/gems/actionpack-4.2.5/lib/action_dispatch/middleware/templates/rescues/routing_error.html.erb within rescues/layout (86.5ms)
  Rendered /Users/sethbarden/.rvm/gems/ruby-2.3.3/gems/web-console-2.2.1/lib/web_console/templates/_markup.html.erb (0.4ms)
  Rendered /Users/sethbarden/.rvm/gems/ruby-2.3.3/gems/web-console-2.2.1/lib/web_console/templates/_inner_console_markup.html.erb within layouts/inlined_string (0.3ms)
  Rendered /Users/sethbarden/.rvm/gems/ruby-2.3.3/gems/web-console-2.2.1/lib/web_console/templates/_prompt_box_markup.html.erb within layouts/inlined_string (0.3ms)
  Rendered /Users/sethbarden/.rvm/gems/ruby-2.3.3/gems/web-console-2.2.1/lib/web_console/templates/style.css.erb within layouts/inlined_string (0.3ms)
  Rendered /Users/sethbarden/.rvm/gems/ruby-2.3.3/gems/web-console-2.2.1/lib/web_console/templates/console.js.erb within layouts/javascript (51.1ms)
  Rendered /Users/sethbarden/.rvm/gems/ruby-2.3.3/gems/web-console-2.2.1/lib/web_console/templates/main.js.erb within layouts/javascript (0.3ms)
  Rendered /Users/sethbarden/.rvm/gems/ruby-2.3.3/gems/web-console-2.2.1/lib/web_console/templates/error_page.js.erb within layouts/javascript (0.4ms)
  Rendered /Users/sethbarden/.rvm/gems/ruby-2.3.3/gems/web-console-2.2.1/lib/web_console/templates/index.html.erb (118.8ms)


Started GET "/authors/" for ::1 at 2017-12-10 18:05:17 -0500

ActionController::RoutingError (No route matches [GET] "/authors"):
  actionpack (4.2.5) lib/action_dispatch/middleware/debug_exceptions.rb:21:in `call'
  web-console (2.2.1) lib/web_console/middleware.rb:39:in `call'
  actionpack (4.2.5) lib/action_dispatch/middleware/show_exceptions.rb:30:in `call'
  railties (4.2.5) lib/rails/rack/logger.rb:38:in `call_app'
  railties (4.2.5) lib/rails/rack/logger.rb:20:in `block in call'
  activesupport (4.2.5) lib/active_support/tagged_logging.rb:68:in `block in tagged'
  activesupport (4.2.5) lib/active_support/tagged_logging.rb:26:in `tagged'
  activesupport (4.2.5) lib/active_support/tagged_logging.rb:68:in `tagged'
  railties (4.2.5) lib/rails/rack/logger.rb:20:in `call'
  actionpack (4.2.5) lib/action_dispatch/middleware/request_id.rb:21:in `call'
  rack (1.6.4) lib/rack/methodoverride.rb:22:in `call'
  rack (1.6.4) lib/rack/runtime.rb:18:in `call'
  activesupport (4.2.5) lib/active_support/cache/strategy/local_cache_middleware.rb:28:in `call'
  rack (1.6.4) lib/rack/lock.rb:17:in `call'
  actionpack (4.2.5) lib/action_dispatch/middleware/static.rb:116:in `call'
  rack (1.6.4) lib/rack/sendfile.rb:113:in `call'
  railties (4.2.5) lib/rails/engine.rb:518:in `call'
  railties (4.2.5) lib/rails/application.rb:165:in `call'
  rack (1.6.4) lib/rack/lock.rb:17:in `call'
  rack (1.6.4) lib/rack/content_length.rb:15:in `call'
  rack (1.6.4) lib/rack/handler/webrick.rb:88:in `service'
  /Users/sethbarden/.rvm/rubies/ruby-2.3.3/lib/ruby/2.3.0/webrick/httpserver.rb:140:in `service'
  /Users/sethbarden/.rvm/rubies/ruby-2.3.3/lib/ruby/2.3.0/webrick/httpserver.rb:96:in `run'
  /Users/sethbarden/.rvm/rubies/ruby-2.3.3/lib/ruby/2.3.0/webrick/server.rb:296:in `block in start_thread'


  Rendered /Users/sethbarden/.rvm/gems/ruby-2.3.3/gems/actionpack-4.2.5/lib/action_dispatch/middleware/templates/rescues/_trace.html.erb (1.2ms)
  Rendered /Users/sethbarden/.rvm/gems/ruby-2.3.3/gems/actionpack-4.2.5/lib/action_dispatch/middleware/templates/routes/_route.html.erb (0.9ms)
  Rendered /Users/sethbarden/.rvm/gems/ruby-2.3.3/gems/actionpack-4.2.5/lib/action_dispatch/middleware/templates/routes/_table.html.erb (1.0ms)
  Rendered /Users/sethbarden/.rvm/gems/ruby-2.3.3/gems/actionpack-4.2.5/lib/action_dispatch/middleware/templates/rescues/_request_and_response.html.erb (1.0ms)
  Rendered /Users/sethbarden/.rvm/gems/ruby-2.3.3/gems/actionpack-4.2.5/lib/action_dispatch/middleware/templates/rescues/routing_error.html.erb within rescues/layout (73.9ms)
  Rendered /Users/sethbarden/.rvm/gems/ruby-2.3.3/gems/web-console-2.2.1/lib/web_console/templates/_markup.html.erb (0.4ms)
  Rendered /Users/sethbarden/.rvm/gems/ruby-2.3.3/gems/web-console-2.2.1/lib/web_console/templates/_inner_console_markup.html.erb within layouts/inlined_string (0.3ms)
  Rendered /Users/sethbarden/.rvm/gems/ruby-2.3.3/gems/web-console-2.2.1/lib/web_console/templates/_prompt_box_markup.html.erb within layouts/inlined_string (0.2ms)
  Rendered /Users/sethbarden/.rvm/gems/ruby-2.3.3/gems/web-console-2.2.1/lib/web_console/templates/style.css.erb within layouts/inlined_string (0.4ms)
  Rendered /Users/sethbarden/.rvm/gems/ruby-2.3.3/gems/web-console-2.2.1/lib/web_console/templates/console.js.erb within layouts/javascript (49.5ms)
  Rendered /Users/sethbarden/.rvm/gems/ruby-2.3.3/gems/web-console-2.2.1/lib/web_console/templates/main.js.erb within layouts/javascript (0.3ms)
  Rendered /Users/sethbarden/.rvm/gems/ruby-2.3.3/gems/web-console-2.2.1/lib/web_console/templates/error_page.js.erb within layouts/javascript (0.4ms)
  Rendered /Users/sethbarden/.rvm/gems/ruby-2.3.3/gems/web-console-2.2.1/lib/web_console/templates/index.html.erb (111.2ms)


Started GET "/authors/show" for ::1 at 2017-12-10 18:05:26 -0500
Processing by AuthorsController#show as HTML
  [1m[35mAuthor Load (0.1ms)[0m  SELECT  "authors".* FROM "authors" WHERE "authors"."id" = ? LIMIT 1  [["id", nil]]
Completed 404 Not Found in 8ms (ActiveRecord: 0.3ms)

ActiveRecord::RecordNotFound (Couldn't find Author with 'id'=):
  app/controllers/authors_controller.rb:3:in `show'


  Rendered /Users/sethbarden/.rvm/gems/ruby-2.3.3/gems/actionpack-4.2.5/lib/action_dispatch/middleware/templates/rescues/_source.erb (4.0ms)
  Rendered /Users/sethbarden/.rvm/gems/ruby-2.3.3/gems/actionpack-4.2.5/lib/action_dispatch/middleware/templates/rescues/_trace.html.erb (1.8ms)
  Rendered /Users/sethbarden/.rvm/gems/ruby-2.3.3/gems/actionpack-4.2.5/lib/action_dispatch/middleware/templates/rescues/_request_and_response.html.erb (0.9ms)
  Rendered /Users/sethbarden/.rvm/gems/ruby-2.3.3/gems/actionpack-4.2.5/lib/action_dispatch/middleware/templates/rescues/diagnostics.html.erb within rescues/layout (60.0ms)
  Rendered /Users/sethbarden/.rvm/gems/ruby-2.3.3/gems/web-console-2.2.1/lib/web_console/templates/_markup.html.erb (0.3ms)
  Rendered /Users/sethbarden/.rvm/gems/ruby-2.3.3/gems/web-console-2.2.1/lib/web_console/templates/_inner_console_markup.html.erb within layouts/inlined_string (0.3ms)
  Rendered /Users/sethbarden/.rvm/gems/ruby-2.3.3/gems/web-console-2.2.1/lib/web_console/templates/_prompt_box_markup.html.erb within layouts/inlined_string (0.3ms)
  Rendered /Users/sethbarden/.rvm/gems/ruby-2.3.3/gems/web-console-2.2.1/lib/web_console/templates/style.css.erb within layouts/inlined_string (0.3ms)
  Rendered /Users/sethbarden/.rvm/gems/ruby-2.3.3/gems/web-console-2.2.1/lib/web_console/templates/console.js.erb within layouts/javascript (51.9ms)
  Rendered /Users/sethbarden/.rvm/gems/ruby-2.3.3/gems/web-console-2.2.1/lib/web_console/templates/main.js.erb within layouts/javascript (0.3ms)
  Rendered /Users/sethbarden/.rvm/gems/ruby-2.3.3/gems/web-console-2.2.1/lib/web_console/templates/error_page.js.erb within layouts/javascript (0.3ms)
  Rendered /Users/sethbarden/.rvm/gems/ruby-2.3.3/gems/web-console-2.2.1/lib/web_console/templates/index.html.erb (119.2ms)


Started GET "/authors/show/1" for ::1 at 2017-12-10 18:05:36 -0500

ActionController::RoutingError (No route matches [GET] "/authors/show/1"):
  actionpack (4.2.5) lib/action_dispatch/middleware/debug_exceptions.rb:21:in `call'
  web-console (2.2.1) lib/web_console/middleware.rb:39:in `call'
  actionpack (4.2.5) lib/action_dispatch/middleware/show_exceptions.rb:30:in `call'
  railties (4.2.5) lib/rails/rack/logger.rb:38:in `call_app'
  railties (4.2.5) lib/rails/rack/logger.rb:20:in `block in call'
  activesupport (4.2.5) lib/active_support/tagged_logging.rb:68:in `block in tagged'
  activesupport (4.2.5) lib/active_support/tagged_logging.rb:26:in `tagged'
  activesupport (4.2.5) lib/active_support/tagged_logging.rb:68:in `tagged'
  railties (4.2.5) lib/rails/rack/logger.rb:20:in `call'
  actionpack (4.2.5) lib/action_dispatch/middleware/request_id.rb:21:in `call'
  rack (1.6.4) lib/rack/methodoverride.rb:22:in `call'
  rack (1.6.4) lib/rack/runtime.rb:18:in `call'
  activesupport (4.2.5) lib/active_support/cache/strategy/local_cache_middleware.rb:28:in `call'
  rack (1.6.4) lib/rack/lock.rb:17:in `call'
  actionpack (4.2.5) lib/action_dispatch/middleware/static.rb:116:in `call'
  rack (1.6.4) lib/rack/sendfile.rb:113:in `call'
  railties (4.2.5) lib/rails/engine.rb:518:in `call'
  railties (4.2.5) lib/rails/application.rb:165:in `call'
  rack (1.6.4) lib/rack/lock.rb:17:in `call'
  rack (1.6.4) lib/rack/content_length.rb:15:in `call'
  rack (1.6.4) lib/rack/handler/webrick.rb:88:in `service'
  /Users/sethbarden/.rvm/rubies/ruby-2.3.3/lib/ruby/2.3.0/webrick/httpserver.rb:140:in `service'
  /Users/sethbarden/.rvm/rubies/ruby-2.3.3/lib/ruby/2.3.0/webrick/httpserver.rb:96:in `run'
  /Users/sethbarden/.rvm/rubies/ruby-2.3.3/lib/ruby/2.3.0/webrick/server.rb:296:in `block in start_thread'


  Rendered /Users/sethbarden/.rvm/gems/ruby-2.3.3/gems/actionpack-4.2.5/lib/action_dispatch/middleware/templates/rescues/_trace.html.erb (1.2ms)
  Rendered /Users/sethbarden/.rvm/gems/ruby-2.3.3/gems/actionpack-4.2.5/lib/action_dispatch/middleware/templates/routes/_route.html.erb (0.9ms)
  Rendered /Users/sethbarden/.rvm/gems/ruby-2.3.3/gems/actionpack-4.2.5/lib/action_dispatch/middleware/templates/routes/_table.html.erb (1.4ms)
  Rendered /Users/sethbarden/.rvm/gems/ruby-2.3.3/gems/actionpack-4.2.5/lib/action_dispatch/middleware/templates/rescues/_request_and_response.html.erb (1.1ms)
  Rendered /Users/sethbarden/.rvm/gems/ruby-2.3.3/gems/actionpack-4.2.5/lib/action_dispatch/middleware/templates/rescues/routing_error.html.erb within rescues/layout (79.0ms)
  Rendered /Users/sethbarden/.rvm/gems/ruby-2.3.3/gems/web-console-2.2.1/lib/web_console/templates/_markup.html.erb (0.4ms)
  Rendered /Users/sethbarden/.rvm/gems/ruby-2.3.3/gems/web-console-2.2.1/lib/web_console/templates/_inner_console_markup.html.erb within layouts/inlined_string (0.3ms)
  Rendered /Users/sethbarden/.rvm/gems/ruby-2.3.3/gems/web-console-2.2.1/lib/web_console/templates/_prompt_box_markup.html.erb within layouts/inlined_string (0.3ms)
  Rendered /Users/sethbarden/.rvm/gems/ruby-2.3.3/gems/web-console-2.2.1/lib/web_console/templates/style.css.erb within layouts/inlined_string (0.3ms)
  Rendered /Users/sethbarden/.rvm/gems/ruby-2.3.3/gems/web-console-2.2.1/lib/web_console/templates/console.js.erb within layouts/javascript (51.5ms)
  Rendered /Users/sethbarden/.rvm/gems/ruby-2.3.3/gems/web-console-2.2.1/lib/web_console/templates/main.js.erb within layouts/javascript (0.3ms)
  Rendered /Users/sethbarden/.rvm/gems/ruby-2.3.3/gems/web-console-2.2.1/lib/web_console/templates/error_page.js.erb within layouts/javascript (0.4ms)
  Rendered /Users/sethbarden/.rvm/gems/ruby-2.3.3/gems/web-console-2.2.1/lib/web_console/templates/index.html.erb (119.9ms)


Started GET "/authors/1" for ::1 at 2017-12-10 18:05:41 -0500

ActionController::RoutingError (No route matches [GET] "/authors/1"):
  actionpack (4.2.5) lib/action_dispatch/middleware/debug_exceptions.rb:21:in `call'
  web-console (2.2.1) lib/web_console/middleware.rb:39:in `call'
  actionpack (4.2.5) lib/action_dispatch/middleware/show_exceptions.rb:30:in `call'
  railties (4.2.5) lib/rails/rack/logger.rb:38:in `call_app'
  railties (4.2.5) lib/rails/rack/logger.rb:20:in `block in call'
  activesupport (4.2.5) lib/active_support/tagged_logging.rb:68:in `block in tagged'
  activesupport (4.2.5) lib/active_support/tagged_logging.rb:26:in `tagged'
  activesupport (4.2.5) lib/active_support/tagged_logging.rb:68:in `tagged'
  railties (4.2.5) lib/rails/rack/logger.rb:20:in `call'
  actionpack (4.2.5) lib/action_dispatch/middleware/request_id.rb:21:in `call'
  rack (1.6.4) lib/rack/methodoverride.rb:22:in `call'
  rack (1.6.4) lib/rack/runtime.rb:18:in `call'
  activesupport (4.2.5) lib/active_support/cache/strategy/local_cache_middleware.rb:28:in `call'
  rack (1.6.4) lib/rack/lock.rb:17:in `call'
  actionpack (4.2.5) lib/action_dispatch/middleware/static.rb:116:in `call'
  rack (1.6.4) lib/rack/sendfile.rb:113:in `call'
  railties (4.2.5) lib/rails/engine.rb:518:in `call'
  railties (4.2.5) lib/rails/application.rb:165:in `call'
  rack (1.6.4) lib/rack/lock.rb:17:in `call'
  rack (1.6.4) lib/rack/content_length.rb:15:in `call'
  rack (1.6.4) lib/rack/handler/webrick.rb:88:in `service'
  /Users/sethbarden/.rvm/rubies/ruby-2.3.3/lib/ruby/2.3.0/webrick/httpserver.rb:140:in `service'
  /Users/sethbarden/.rvm/rubies/ruby-2.3.3/lib/ruby/2.3.0/webrick/httpserver.rb:96:in `run'
  /Users/sethbarden/.rvm/rubies/ruby-2.3.3/lib/ruby/2.3.0/webrick/server.rb:296:in `block in start_thread'


  Rendered /Users/sethbarden/.rvm/gems/ruby-2.3.3/gems/actionpack-4.2.5/lib/action_dispatch/middleware/templates/rescues/_trace.html.erb (2.3ms)
  Rendered /Users/sethbarden/.rvm/gems/ruby-2.3.3/gems/actionpack-4.2.5/lib/action_dispatch/middleware/templates/routes/_route.html.erb (2.0ms)
  Rendered /Users/sethbarden/.rvm/gems/ruby-2.3.3/gems/actionpack-4.2.5/lib/action_dispatch/middleware/templates/routes/_table.html.erb (1.2ms)
  Rendered /Users/sethbarden/.rvm/gems/ruby-2.3.3/gems/actionpack-4.2.5/lib/action_dispatch/middleware/templates/rescues/_request_and_response.html.erb (1.1ms)
  Rendered /Users/sethbarden/.rvm/gems/ruby-2.3.3/gems/actionpack-4.2.5/lib/action_dispatch/middleware/templates/rescues/routing_error.html.erb within rescues/layout (99.4ms)
  Rendered /Users/sethbarden/.rvm/gems/ruby-2.3.3/gems/web-console-2.2.1/lib/web_console/templates/_markup.html.erb (0.4ms)
  Rendered /Users/sethbarden/.rvm/gems/ruby-2.3.3/gems/web-console-2.2.1/lib/web_console/templates/_inner_console_markup.html.erb within layouts/inlined_string (0.3ms)
  Rendered /Users/sethbarden/.rvm/gems/ruby-2.3.3/gems/web-console-2.2.1/lib/web_console/templates/_prompt_box_markup.html.erb within layouts/inlined_string (0.3ms)
  Rendered /Users/sethbarden/.rvm/gems/ruby-2.3.3/gems/web-console-2.2.1/lib/web_console/templates/style.css.erb within layouts/inlined_string (0.3ms)
  Rendered /Users/sethbarden/.rvm/gems/ruby-2.3.3/gems/web-console-2.2.1/lib/web_console/templates/console.js.erb within layouts/javascript (52.2ms)
  Rendered /Users/sethbarden/.rvm/gems/ruby-2.3.3/gems/web-console-2.2.1/lib/web_console/templates/main.js.erb within layouts/javascript (0.4ms)
  Rendered /Users/sethbarden/.rvm/gems/ruby-2.3.3/gems/web-console-2.2.1/lib/web_console/templates/error_page.js.erb within layouts/javascript (0.3ms)
  Rendered /Users/sethbarden/.rvm/gems/ruby-2.3.3/gems/web-console-2.2.1/lib/web_console/templates/index.html.erb (118.7ms)


Started GET "/authors/1/show" for ::1 at 2017-12-10 18:05:43 -0500

ActionController::RoutingError (No route matches [GET] "/authors/1/show"):
  actionpack (4.2.5) lib/action_dispatch/middleware/debug_exceptions.rb:21:in `call'
  web-console (2.2.1) lib/web_console/middleware.rb:39:in `call'
  actionpack (4.2.5) lib/action_dispatch/middleware/show_exceptions.rb:30:in `call'
  railties (4.2.5) lib/rails/rack/logger.rb:38:in `call_app'
  railties (4.2.5) lib/rails/rack/logger.rb:20:in `block in call'
  activesupport (4.2.5) lib/active_support/tagged_logging.rb:68:in `block in tagged'
  activesupport (4.2.5) lib/active_support/tagged_logging.rb:26:in `tagged'
  activesupport (4.2.5) lib/active_support/tagged_logging.rb:68:in `tagged'
  railties (4.2.5) lib/rails/rack/logger.rb:20:in `call'
  actionpack (4.2.5) lib/action_dispatch/middleware/request_id.rb:21:in `call'
  rack (1.6.4) lib/rack/methodoverride.rb:22:in `call'
  rack (1.6.4) lib/rack/runtime.rb:18:in `call'
  activesupport (4.2.5) lib/active_support/cache/strategy/local_cache_middleware.rb:28:in `call'
  rack (1.6.4) lib/rack/lock.rb:17:in `call'
  actionpack (4.2.5) lib/action_dispatch/middleware/static.rb:116:in `call'
  rack (1.6.4) lib/rack/sendfile.rb:113:in `call'
  railties (4.2.5) lib/rails/engine.rb:518:in `call'
  railties (4.2.5) lib/rails/application.rb:165:in `call'
  rack (1.6.4) lib/rack/lock.rb:17:in `call'
  rack (1.6.4) lib/rack/content_length.rb:15:in `call'
  rack (1.6.4) lib/rack/handler/webrick.rb:88:in `service'
  /Users/sethbarden/.rvm/rubies/ruby-2.3.3/lib/ruby/2.3.0/webrick/httpserver.rb:140:in `service'
  /Users/sethbarden/.rvm/rubies/ruby-2.3.3/lib/ruby/2.3.0/webrick/httpserver.rb:96:in `run'
  /Users/sethbarden/.rvm/rubies/ruby-2.3.3/lib/ruby/2.3.0/webrick/server.rb:296:in `block in start_thread'


  Rendered /Users/sethbarden/.rvm/gems/ruby-2.3.3/gems/actionpack-4.2.5/lib/action_dispatch/middleware/templates/rescues/_trace.html.erb (1.3ms)
  Rendered /Users/sethbarden/.rvm/gems/ruby-2.3.3/gems/actionpack-4.2.5/lib/action_dispatch/middleware/templates/routes/_route.html.erb (0.9ms)
  Rendered /Users/sethbarden/.rvm/gems/ruby-2.3.3/gems/actionpack-4.2.5/lib/action_dispatch/middleware/templates/routes/_table.html.erb (1.1ms)
  Rendered /Users/sethbarden/.rvm/gems/ruby-2.3.3/gems/actionpack-4.2.5/lib/action_dispatch/middleware/templates/rescues/_request_and_response.html.erb (1.0ms)
  Rendered /Users/sethbarden/.rvm/gems/ruby-2.3.3/gems/actionpack-4.2.5/lib/action_dispatch/middleware/templates/rescues/routing_error.html.erb within rescues/layout (80.2ms)
  Rendered /Users/sethbarden/.rvm/gems/ruby-2.3.3/gems/web-console-2.2.1/lib/web_console/templates/_markup.html.erb (0.3ms)
  Rendered /Users/sethbarden/.rvm/gems/ruby-2.3.3/gems/web-console-2.2.1/lib/web_console/templates/_inner_console_markup.html.erb within layouts/inlined_string (0.3ms)
  Rendered /Users/sethbarden/.rvm/gems/ruby-2.3.3/gems/web-console-2.2.1/lib/web_console/templates/_prompt_box_markup.html.erb within layouts/inlined_string (0.3ms)
  Rendered /Users/sethbarden/.rvm/gems/ruby-2.3.3/gems/web-console-2.2.1/lib/web_console/templates/style.css.erb within layouts/inlined_string (0.3ms)
  Rendered /Users/sethbarden/.rvm/gems/ruby-2.3.3/gems/web-console-2.2.1/lib/web_console/templates/console.js.erb within layouts/javascript (51.7ms)
  Rendered /Users/sethbarden/.rvm/gems/ruby-2.3.3/gems/web-console-2.2.1/lib/web_console/templates/main.js.erb within layouts/javascript (0.3ms)
  Rendered /Users/sethbarden/.rvm/gems/ruby-2.3.3/gems/web-console-2.2.1/lib/web_console/templates/error_page.js.erb within layouts/javascript (0.4ms)
  Rendered /Users/sethbarden/.rvm/gems/ruby-2.3.3/gems/web-console-2.2.1/lib/web_console/templates/index.html.erb (116.4ms)


Started GET "/authors/1/show" for ::1 at 2017-12-10 18:05:46 -0500

ActionController::RoutingError (No route matches [GET] "/authors/1/show"):
  actionpack (4.2.5) lib/action_dispatch/middleware/debug_exceptions.rb:21:in `call'
  web-console (2.2.1) lib/web_console/middleware.rb:39:in `call'
  actionpack (4.2.5) lib/action_dispatch/middleware/show_exceptions.rb:30:in `call'
  railties (4.2.5) lib/rails/rack/logger.rb:38:in `call_app'
  railties (4.2.5) lib/rails/rack/logger.rb:20:in `block in call'
  activesupport (4.2.5) lib/active_support/tagged_logging.rb:68:in `block in tagged'
  activesupport (4.2.5) lib/active_support/tagged_logging.rb:26:in `tagged'
  activesupport (4.2.5) lib/active_support/tagged_logging.rb:68:in `tagged'
  railties (4.2.5) lib/rails/rack/logger.rb:20:in `call'
  actionpack (4.2.5) lib/action_dispatch/middleware/request_id.rb:21:in `call'
  rack (1.6.4) lib/rack/methodoverride.rb:22:in `call'
  rack (1.6.4) lib/rack/runtime.rb:18:in `call'
  activesupport (4.2.5) lib/active_support/cache/strategy/local_cache_middleware.rb:28:in `call'
  rack (1.6.4) lib/rack/lock.rb:17:in `call'
  actionpack (4.2.5) lib/action_dispatch/middleware/static.rb:116:in `call'
  rack (1.6.4) lib/rack/sendfile.rb:113:in `call'
  railties (4.2.5) lib/rails/engine.rb:518:in `call'
  railties (4.2.5) lib/rails/application.rb:165:in `call'
  rack (1.6.4) lib/rack/lock.rb:17:in `call'
  rack (1.6.4) lib/rack/content_length.rb:15:in `call'
  rack (1.6.4) lib/rack/handler/webrick.rb:88:in `service'
  /Users/sethbarden/.rvm/rubies/ruby-2.3.3/lib/ruby/2.3.0/webrick/httpserver.rb:140:in `service'
  /Users/sethbarden/.rvm/rubies/ruby-2.3.3/lib/ruby/2.3.0/webrick/httpserver.rb:96:in `run'
  /Users/sethbarden/.rvm/rubies/ruby-2.3.3/lib/ruby/2.3.0/webrick/server.rb:296:in `block in start_thread'


  Rendered /Users/sethbarden/.rvm/gems/ruby-2.3.3/gems/actionpack-4.2.5/lib/action_dispatch/middleware/templates/rescues/_trace.html.erb (1.2ms)
  Rendered /Users/sethbarden/.rvm/gems/ruby-2.3.3/gems/actionpack-4.2.5/lib/action_dispatch/middleware/templates/routes/_route.html.erb (0.9ms)
  Rendered /Users/sethbarden/.rvm/gems/ruby-2.3.3/gems/actionpack-4.2.5/lib/action_dispatch/middleware/templates/routes/_table.html.erb (1.2ms)
  Rendered /Users/sethbarden/.rvm/gems/ruby-2.3.3/gems/actionpack-4.2.5/lib/action_dispatch/middleware/templates/rescues/_request_and_response.html.erb (1.1ms)
  Rendered /Users/sethbarden/.rvm/gems/ruby-2.3.3/gems/actionpack-4.2.5/lib/action_dispatch/middleware/templates/rescues/routing_error.html.erb within rescues/layout (101.6ms)
  Rendered /Users/sethbarden/.rvm/gems/ruby-2.3.3/gems/web-console-2.2.1/lib/web_console/templates/_markup.html.erb (0.4ms)
  Rendered /Users/sethbarden/.rvm/gems/ruby-2.3.3/gems/web-console-2.2.1/lib/web_console/templates/_inner_console_markup.html.erb within layouts/inlined_string (0.3ms)
  Rendered /Users/sethbarden/.rvm/gems/ruby-2.3.3/gems/web-console-2.2.1/lib/web_console/templates/_prompt_box_markup.html.erb within layouts/inlined_string (0.5ms)
  Rendered /Users/sethbarden/.rvm/gems/ruby-2.3.3/gems/web-console-2.2.1/lib/web_console/templates/style.css.erb within layouts/inlined_string (0.3ms)
  Rendered /Users/sethbarden/.rvm/gems/ruby-2.3.3/gems/web-console-2.2.1/lib/web_console/templates/console.js.erb within layouts/javascript (52.9ms)
  Rendered /Users/sethbarden/.rvm/gems/ruby-2.3.3/gems/web-console-2.2.1/lib/web_console/templates/main.js.erb within layouts/javascript (0.3ms)
  Rendered /Users/sethbarden/.rvm/gems/ruby-2.3.3/gems/web-console-2.2.1/lib/web_console/templates/error_page.js.erb within layouts/javascript (0.4ms)
  Rendered /Users/sethbarden/.rvm/gems/ruby-2.3.3/gems/web-console-2.2.1/lib/web_console/templates/index.html.erb (123.4ms)


Started GET "/authors/shoq" for ::1 at 2017-12-10 18:05:53 -0500

ActionController::RoutingError (No route matches [GET] "/authors/shoq"):
  actionpack (4.2.5) lib/action_dispatch/middleware/debug_exceptions.rb:21:in `call'
  web-console (2.2.1) lib/web_console/middleware.rb:39:in `call'
  actionpack (4.2.5) lib/action_dispatch/middleware/show_exceptions.rb:30:in `call'
  railties (4.2.5) lib/rails/rack/logger.rb:38:in `call_app'
  railties (4.2.5) lib/rails/rack/logger.rb:20:in `block in call'
  activesupport (4.2.5) lib/active_support/tagged_logging.rb:68:in `block in tagged'
  activesupport (4.2.5) lib/active_support/tagged_logging.rb:26:in `tagged'
  activesupport (4.2.5) lib/active_support/tagged_logging.rb:68:in `tagged'
  railties (4.2.5) lib/rails/rack/logger.rb:20:in `call'
  actionpack (4.2.5) lib/action_dispatch/middleware/request_id.rb:21:in `call'
  rack (1.6.4) lib/rack/methodoverride.rb:22:in `call'
  rack (1.6.4) lib/rack/runtime.rb:18:in `call'
  activesupport (4.2.5) lib/active_support/cache/strategy/local_cache_middleware.rb:28:in `call'
  rack (1.6.4) lib/rack/lock.rb:17:in `call'
  actionpack (4.2.5) lib/action_dispatch/middleware/static.rb:116:in `call'
  rack (1.6.4) lib/rack/sendfile.rb:113:in `call'
  railties (4.2.5) lib/rails/engine.rb:518:in `call'
  railties (4.2.5) lib/rails/application.rb:165:in `call'
  rack (1.6.4) lib/rack/lock.rb:17:in `call'
  rack (1.6.4) lib/rack/content_length.rb:15:in `call'
  rack (1.6.4) lib/rack/handler/webrick.rb:88:in `service'
  /Users/sethbarden/.rvm/rubies/ruby-2.3.3/lib/ruby/2.3.0/webrick/httpserver.rb:140:in `service'
  /Users/sethbarden/.rvm/rubies/ruby-2.3.3/lib/ruby/2.3.0/webrick/httpserver.rb:96:in `run'
  /Users/sethbarden/.rvm/rubies/ruby-2.3.3/lib/ruby/2.3.0/webrick/server.rb:296:in `block in start_thread'


  Rendered /Users/sethbarden/.rvm/gems/ruby-2.3.3/gems/actionpack-4.2.5/lib/action_dispatch/middleware/templates/rescues/_trace.html.erb (1.1ms)
  Rendered /Users/sethbarden/.rvm/gems/ruby-2.3.3/gems/actionpack-4.2.5/lib/action_dispatch/middleware/templates/routes/_route.html.erb (0.9ms)
  Rendered /Users/sethbarden/.rvm/gems/ruby-2.3.3/gems/actionpack-4.2.5/lib/action_dispatch/middleware/templates/routes/_table.html.erb (1.0ms)
  Rendered /Users/sethbarden/.rvm/gems/ruby-2.3.3/gems/actionpack-4.2.5/lib/action_dispatch/middleware/templates/rescues/_request_and_response.html.erb (1.0ms)
  Rendered /Users/sethbarden/.rvm/gems/ruby-2.3.3/gems/actionpack-4.2.5/lib/action_dispatch/middleware/templates/rescues/routing_error.html.erb within rescues/layout (79.5ms)
  Rendered /Users/sethbarden/.rvm/gems/ruby-2.3.3/gems/web-console-2.2.1/lib/web_console/templates/_markup.html.erb (0.3ms)
  Rendered /Users/sethbarden/.rvm/gems/ruby-2.3.3/gems/web-console-2.2.1/lib/web_console/templates/_inner_console_markup.html.erb within layouts/inlined_string (0.3ms)
  Rendered /Users/sethbarden/.rvm/gems/ruby-2.3.3/gems/web-console-2.2.1/lib/web_console/templates/_prompt_box_markup.html.erb within layouts/inlined_string (0.3ms)
  Rendered /Users/sethbarden/.rvm/gems/ruby-2.3.3/gems/web-console-2.2.1/lib/web_console/templates/style.css.erb within layouts/inlined_string (0.3ms)
  Rendered /Users/sethbarden/.rvm/gems/ruby-2.3.3/gems/web-console-2.2.1/lib/web_console/templates/console.js.erb within layouts/javascript (52.3ms)
  Rendered /Users/sethbarden/.rvm/gems/ruby-2.3.3/gems/web-console-2.2.1/lib/web_console/templates/main.js.erb within layouts/javascript (0.3ms)
  Rendered /Users/sethbarden/.rvm/gems/ruby-2.3.3/gems/web-console-2.2.1/lib/web_console/templates/error_page.js.erb within layouts/javascript (0.4ms)
  Rendered /Users/sethbarden/.rvm/gems/ruby-2.3.3/gems/web-console-2.2.1/lib/web_console/templates/index.html.erb (118.0ms)


Started GET "/authors/show" for ::1 at 2017-12-10 18:05:56 -0500
Processing by AuthorsController#show as HTML
  [1m[36mAuthor Load (0.1ms)[0m  [1mSELECT  "authors".* FROM "authors" WHERE "authors"."id" = ? LIMIT 1[0m  [["id", nil]]
Completed 404 Not Found in 1ms (ActiveRecord: 0.1ms)

ActiveRecord::RecordNotFound (Couldn't find Author with 'id'=):
  app/controllers/authors_controller.rb:3:in `show'


  Rendered /Users/sethbarden/.rvm/gems/ruby-2.3.3/gems/actionpack-4.2.5/lib/action_dispatch/middleware/templates/rescues/_source.erb (3.8ms)
  Rendered /Users/sethbarden/.rvm/gems/ruby-2.3.3/gems/actionpack-4.2.5/lib/action_dispatch/middleware/templates/rescues/_trace.html.erb (1.8ms)
  Rendered /Users/sethbarden/.rvm/gems/ruby-2.3.3/gems/actionpack-4.2.5/lib/action_dispatch/middleware/templates/rescues/_request_and_response.html.erb (1.0ms)
  Rendered /Users/sethbarden/.rvm/gems/ruby-2.3.3/gems/actionpack-4.2.5/lib/action_dispatch/middleware/templates/rescues/diagnostics.html.erb within rescues/layout (59.5ms)
  Rendered /Users/sethbarden/.rvm/gems/ruby-2.3.3/gems/web-console-2.2.1/lib/web_console/templates/_markup.html.erb (0.3ms)
  Rendered /Users/sethbarden/.rvm/gems/ruby-2.3.3/gems/web-console-2.2.1/lib/web_console/templates/_inner_console_markup.html.erb within layouts/inlined_string (0.3ms)
  Rendered /Users/sethbarden/.rvm/gems/ruby-2.3.3/gems/web-console-2.2.1/lib/web_console/templates/_prompt_box_markup.html.erb within layouts/inlined_string (0.3ms)
  Rendered /Users/sethbarden/.rvm/gems/ruby-2.3.3/gems/web-console-2.2.1/lib/web_console/templates/style.css.erb within layouts/inlined_string (0.3ms)
  Rendered /Users/sethbarden/.rvm/gems/ruby-2.3.3/gems/web-console-2.2.1/lib/web_console/templates/console.js.erb within layouts/javascript (52.5ms)
  Rendered /Users/sethbarden/.rvm/gems/ruby-2.3.3/gems/web-console-2.2.1/lib/web_console/templates/main.js.erb within layouts/javascript (0.3ms)
  Rendered /Users/sethbarden/.rvm/gems/ruby-2.3.3/gems/web-console-2.2.1/lib/web_console/templates/error_page.js.erb within layouts/javascript (0.4ms)
  Rendered /Users/sethbarden/.rvm/gems/ruby-2.3.3/gems/web-console-2.2.1/lib/web_console/templates/index.html.erb (116.9ms)


Started GET "/posts/1" for ::1 at 2017-12-10 18:06:26 -0500
Processing by PostsController#show as HTML
  Parameters: {"id"=>"1"}
  [1m[35mPost Load (0.2ms)[0m  SELECT  "posts".* FROM "posts" WHERE "posts"."id" = ? LIMIT 1  [["id", 1]]
  Rendered posts/show.html.erb within layouts/application (0.6ms)
Completed 200 OK in 24ms (Views: 22.2ms | ActiveRecord: 0.2ms)


Started GET "/posts/1" for ::1 at 2017-12-10 18:06:33 -0500
Processing by PostsController#show as HTML
  Parameters: {"id"=>"1"}
  [1m[36mPost Load (0.2ms)[0m  [1mSELECT  "posts".* FROM "posts" WHERE "posts"."id" = ? LIMIT 1[0m  [["id", 1]]
  Rendered posts/show.html.erb within layouts/application (0.6ms)
Completed 200 OK in 18ms (Views: 17.0ms | ActiveRecord: 0.2ms)


Started GET "/posts/1" for ::1 at 2017-12-10 18:06:48 -0500
Processing by PostsController#show as HTML
  Parameters: {"id"=>"1"}
  [1m[35mPost Load (0.3ms)[0m  SELECT  "posts".* FROM "posts" WHERE "posts"."id" = ? LIMIT 1  [["id", 1]]
  Rendered posts/show.html.erb within layouts/application (0.5ms)
Completed 200 OK in 18ms (Views: 16.4ms | ActiveRecord: 0.3ms)


Started GET "/posts/1" for ::1 at 2017-12-10 18:07:31 -0500
Processing by PostsController#show as HTML
  Parameters: {"id"=>"1"}
  [1m[36mPost Load (0.1ms)[0m  [1mSELECT  "posts".* FROM "posts" WHERE "posts"."id" = ? LIMIT 1[0m  [["id", 1]]
  Rendered posts/show.html.erb within layouts/application (0.5ms)
Completed 200 OK in 16ms (Views: 14.6ms | ActiveRecord: 0.1ms)


Started GET "/posts/1" for ::1 at 2017-12-10 18:07:38 -0500
Processing by PostsController#show as HTML
  Parameters: {"id"=>"1"}
  [1m[35mPost Load (0.1ms)[0m  SELECT  "posts".* FROM "posts" WHERE "posts"."id" = ? LIMIT 1  [["id", 1]]
  Rendered posts/show.html.erb within layouts/application (0.8ms)
Completed 200 OK in 22ms (Views: 20.6ms | ActiveRecord: 0.1ms)


Started GET "/posts/1" for ::1 at 2017-12-10 18:08:19 -0500
Processing by PostsController#show as HTML
  Parameters: {"id"=>"1"}
  [1m[36mPost Load (0.1ms)[0m  [1mSELECT  "posts".* FROM "posts" WHERE "posts"."id" = ? LIMIT 1[0m  [["id", 1]]
  Rendered posts/show.html.erb within layouts/application (0.2ms)
Completed 200 OK in 15ms (Views: 14.4ms | ActiveRecord: 0.1ms)


Started GET "/posts/1" for ::1 at 2017-12-10 18:09:45 -0500
Processing by PostsController#show as HTML
  Parameters: {"id"=>"1"}
  [1m[35mPost Load (0.1ms)[0m  SELECT  "posts".* FROM "posts" WHERE "posts"."id" = ? LIMIT 1  [["id", 1]]
  Rendered posts/show.html.erb within layouts/application (0.2ms)
Completed 200 OK in 22ms (Views: 21.4ms | ActiveRecord: 0.1ms)


Started GET "/authors/1" for ::1 at 2017-12-10 18:13:54 -0500
Processing by AuthorsController#show as HTML
  Parameters: {"id"=>"1"}
  [1m[36mAuthor Load (0.6ms)[0m  [1mSELECT  "authors".* FROM "authors" WHERE "authors"."id" = ? LIMIT 1[0m  [["id", 1]]
Completed 404 Not Found in 5ms (ActiveRecord: 1.1ms)

ActiveRecord::RecordNotFound (Couldn't find Author with 'id'=1):
  app/controllers/authors_controller.rb:3:in `show'


  Rendered /Users/sethbarden/.rvm/gems/ruby-2.3.3/gems/actionpack-4.2.5/lib/action_dispatch/middleware/templates/rescues/_source.erb (3.7ms)
  Rendered /Users/sethbarden/.rvm/gems/ruby-2.3.3/gems/actionpack-4.2.5/lib/action_dispatch/middleware/templates/rescues/_trace.html.erb (11.3ms)
  Rendered /Users/sethbarden/.rvm/gems/ruby-2.3.3/gems/actionpack-4.2.5/lib/action_dispatch/middleware/templates/rescues/_request_and_response.html.erb (1.0ms)
  Rendered /Users/sethbarden/.rvm/gems/ruby-2.3.3/gems/actionpack-4.2.5/lib/action_dispatch/middleware/templates/rescues/diagnostics.html.erb within rescues/layout (81.1ms)
  Rendered /Users/sethbarden/.rvm/gems/ruby-2.3.3/gems/web-console-2.2.1/lib/web_console/templates/_markup.html.erb (0.4ms)
  Rendered /Users/sethbarden/.rvm/gems/ruby-2.3.3/gems/web-console-2.2.1/lib/web_console/templates/_inner_console_markup.html.erb within layouts/inlined_string (0.3ms)
  Rendered /Users/sethbarden/.rvm/gems/ruby-2.3.3/gems/web-console-2.2.1/lib/web_console/templates/_prompt_box_markup.html.erb within layouts/inlined_string (0.3ms)
  Rendered /Users/sethbarden/.rvm/gems/ruby-2.3.3/gems/web-console-2.2.1/lib/web_console/templates/style.css.erb within layouts/inlined_string (0.5ms)
  Rendered /Users/sethbarden/.rvm/gems/ruby-2.3.3/gems/web-console-2.2.1/lib/web_console/templates/console.js.erb within layouts/javascript (67.7ms)
  Rendered /Users/sethbarden/.rvm/gems/ruby-2.3.3/gems/web-console-2.2.1/lib/web_console/templates/main.js.erb within layouts/javascript (0.4ms)
  Rendered /Users/sethbarden/.rvm/gems/ruby-2.3.3/gems/web-console-2.2.1/lib/web_console/templates/error_page.js.erb within layouts/javascript (0.5ms)
  Rendered /Users/sethbarden/.rvm/gems/ruby-2.3.3/gems/web-console-2.2.1/lib/web_console/templates/index.html.erb (141.8ms)
  [1m[36mActiveRecord::SchemaMigration Load (0.1ms)[0m  [1mSELECT "schema_migrations".* FROM "schema_migrations"[0m
  [1m[36mActiveRecord::SchemaMigration Load (0.1ms)[0m  [1mSELECT "schema_migrations".* FROM "schema_migrations"[0m
  [1m[35mActiveRecord::SchemaMigration Load (0.1ms)[0m  SELECT "schema_migrations".* FROM "schema_migrations"


Started GET "/authors/1" for ::1 at 2017-12-10 18:14:28 -0500
Processing by AuthorsController#show as HTML
  Parameters: {"id"=>"1"}
  [1m[35mAuthor Load (0.1ms)[0m  SELECT  "authors".* FROM "authors" WHERE "authors"."id" = ? LIMIT 1  [["id", 1]]
Completed 404 Not Found in 5ms (ActiveRecord: 0.5ms)

ActiveRecord::RecordNotFound (Couldn't find Author with 'id'=1):
  app/controllers/authors_controller.rb:3:in `show'


  Rendered /Users/sethbarden/.rvm/gems/ruby-2.3.3/gems/actionpack-4.2.5/lib/action_dispatch/middleware/templates/rescues/_source.erb (6.4ms)
  Rendered /Users/sethbarden/.rvm/gems/ruby-2.3.3/gems/actionpack-4.2.5/lib/action_dispatch/middleware/templates/rescues/_trace.html.erb (2.5ms)
  Rendered /Users/sethbarden/.rvm/gems/ruby-2.3.3/gems/actionpack-4.2.5/lib/action_dispatch/middleware/templates/rescues/_request_and_response.html.erb (1.0ms)
  Rendered /Users/sethbarden/.rvm/gems/ruby-2.3.3/gems/actionpack-4.2.5/lib/action_dispatch/middleware/templates/rescues/diagnostics.html.erb within rescues/layout (75.5ms)
  Rendered /Users/sethbarden/.rvm/gems/ruby-2.3.3/gems/web-console-2.2.1/lib/web_console/templates/_markup.html.erb (0.6ms)
  Rendered /Users/sethbarden/.rvm/gems/ruby-2.3.3/gems/web-console-2.2.1/lib/web_console/templates/_inner_console_markup.html.erb within layouts/inlined_string (0.7ms)
  Rendered /Users/sethbarden/.rvm/gems/ruby-2.3.3/gems/web-console-2.2.1/lib/web_console/templates/_prompt_box_markup.html.erb within layouts/inlined_string (0.3ms)
  Rendered /Users/sethbarden/.rvm/gems/ruby-2.3.3/gems/web-console-2.2.1/lib/web_console/templates/style.css.erb within layouts/inlined_string (0.4ms)
  Rendered /Users/sethbarden/.rvm/gems/ruby-2.3.3/gems/web-console-2.2.1/lib/web_console/templates/console.js.erb within layouts/javascript (63.7ms)
  Rendered /Users/sethbarden/.rvm/gems/ruby-2.3.3/gems/web-console-2.2.1/lib/web_console/templates/main.js.erb within layouts/javascript (0.3ms)
  Rendered /Users/sethbarden/.rvm/gems/ruby-2.3.3/gems/web-console-2.2.1/lib/web_console/templates/error_page.js.erb within layouts/javascript (0.4ms)
  Rendered /Users/sethbarden/.rvm/gems/ruby-2.3.3/gems/web-console-2.2.1/lib/web_console/templates/index.html.erb (143.8ms)
  [1m[36mPost Load (1.2ms)[0m  [1mSELECT "posts".* FROM "posts"[0m
  [1m[35mAuthor Load (0.2ms)[0m  SELECT "authors".* FROM "authors"
